<?xml version="1.0" encoding="UTF-8"?>
<testsuite name="tests.calc_test.CalculatorTest-20210401104733" tests="7" file="tests/calc_test.py" time="0.012" timestamp="2021-04-01T10:47:33" failures="0" errors="0" skipped="0">
	<testcase classname="tests.calc_test.CalculatorTest" name="test_add" time="0.004" timestamp="2021-04-01T10:47:33" file="tests\calc_test.py" line="21">
		<system-out><![CDATA[HELLO WORLD ...
]]></system-out>
	</testcase>
	<testcase classname="tests.calc_test.CalculatorTest" name="test_divide" time="0.000" timestamp="2021-04-01T10:47:33" file="tests\calc_test.py" line="41">
		<system-out><![CDATA[HELLO WORLD ...
]]></system-out>
	</testcase>
	<testcase classname="tests.calc_test.CalculatorTest" name="test_divide_by_zero" time="0.004" timestamp="2021-04-01T10:47:33" file="tests\calc_test.py" line="46">
		<system-out><![CDATA[HELLO WORLD ...
]]></system-out>
	</testcase>
	<testcase classname="tests.calc_test.CalculatorTest" name="test_last_answer_init" time="0.000" timestamp="2021-04-01T10:47:33" file="tests\calc_test.py" line="17">
		<system-out><![CDATA[HELLO WORLD ...
]]></system-out>
	</testcase>
	<testcase classname="tests.calc_test.CalculatorTest" name="test_multiply" time="0.000" timestamp="2021-04-01T10:47:33" file="tests\calc_test.py" line="36">
		<system-out><![CDATA[HELLO WORLD ...
]]></system-out>
	</testcase>
	<testcase classname="tests.calc_test.CalculatorTest" name="test_subtract" time="0.004" timestamp="2021-04-01T10:47:33" file="tests\calc_test.py" line="26">
		<system-out><![CDATA[HELLO WORLD ...
]]></system-out>
	</testcase>
	<testcase classname="tests.calc_test.CalculatorTest" name="test_subtract_negative" time="0.000" timestamp="2021-04-01T10:47:33" file="tests\calc_test.py" line="31">
		<system-out><![CDATA[HELLO WORLD ...
]]></system-out>
	</testcase>
</testsuite>
